<?xml version="1.0" encoding="UTF-8"?>
<coverage generated="1642370509489" clover="3.2.0">
  <project timestamp="1642370509489" name="All files">
    <metrics statements="6" coveredstatements="6" conditionals="0" coveredconditionals="0" methods="3" coveredmethods="3" elements="9" coveredelements="9" complexity="0" loc="6" ncloc="6" packages="1" files="3" classes="3"/>
    <file name="cloneArray.js" path="C:\Users\Michael\JavaScript testing with Jest\cloneArray.js">
      <metrics statements="2" coveredstatements="2" conditionals="0" coveredconditionals="0" methods="1" coveredmethods="1"/>
      <line num="16" count="2" type="stmt"/>
      <line num="20" count="1" type="stmt"/>
    </file>
    <file name="subtract.js" path="C:\Users\Michael\JavaScript testing with Jest\subtract.js">
      <metrics statements="2" coveredstatements="2" conditionals="0" coveredconditionals="0" methods="1" coveredmethods="1"/>
      <line num="14" count="1" type="stmt"/>
      <line num="17" count="1" type="stmt"/>
    </file>
    <file name="sum.js" path="C:\Users\Michael\JavaScript testing with Jest\sum.js">
      <metrics statements="2" coveredstatements="2" conditionals="0" coveredconditionals="0" methods="1" coveredmethods="1"/>
      <line num="14" count="1" type="stmt"/>
      <line num="17" count="1" type="stmt"/>
    </file>
  </project>
</coverage>
