{"C:\\Users\\Michael\\JavaScript testing with Jest\\cloneArray.js": {"path":"C:\\Users\\Michael\\JavaScript testing with Jest\\cloneArray.js","statementMap":{"0":{"start":{"line":16,"column":1},"end":{"line":16,"column":18}},"1":{"start":{"line":20,"column":0},"end":{"line":20,"column":27}}},"fnMap":{"0":{"name":"cloneArray","decl":{"start":{"line":15,"column":9},"end":{"line":15,"column":19}},"loc":{"start":{"line":15,"column":28},"end":{"line":17,"column":1}},"line":15}},"branchMap":{},"s":{"0":2,"1":1},"f":{"0":2},"b":{},"_coverageSchema":"1a1c01bbd47fc00a2c39e90264f33305004495a9","hash":"5ef23d4242f7e07a0acb67a34b022a71e51ca873"}
,"C:\\Users\\Michael\\JavaScript testing with Jest\\subtract.js": {"path":"C:\\Users\\Michael\\JavaScript testing with Jest\\subtract.js","statementMap":{"0":{"start":{"line":14,"column":1},"end":{"line":14,"column":11}},"1":{"start":{"line":17,"column":0},"end":{"line":17,"column":25}}},"fnMap":{"0":{"name":"subtract","decl":{"start":{"line":13,"column":9},"end":{"line":13,"column":17}},"loc":{"start":{"line":13,"column":24},"end":{"line":15,"column":1}},"line":13}},"branchMap":{},"s":{"0":1,"1":1},"f":{"0":1},"b":{},"_coverageSchema":"1a1c01bbd47fc00a2c39e90264f33305004495a9","hash":"c34d14700d52fa0552fc2f55b8150f220c61fd34"}
,"C:\\Users\\Michael\\JavaScript testing with Jest\\sum.js": {"path":"C:\\Users\\Michael\\JavaScript testing with Jest\\sum.js","statementMap":{"0":{"start":{"line":14,"column":1},"end":{"line":14,"column":11}},"1":{"start":{"line":17,"column":0},"end":{"line":17,"column":20}}},"fnMap":{"0":{"name":"sum","decl":{"start":{"line":13,"column":9},"end":{"line":13,"column":12}},"loc":{"start":{"line":13,"column":18},"end":{"line":15,"column":1}},"line":13}},"branchMap":{},"s":{"0":1,"1":1},"f":{"0":1},"b":{},"_coverageSchema":"1a1c01bbd47fc00a2c39e90264f33305004495a9","hash":"48c6f46dd2e36f90200b7f1e0c8f56f3e64a9537"}
}
